{
  "RSpec": {
    "coverage": {
      "/home/benign-router-9120/tic-tac-toe-rb-online-web-sp-000/lib/tic_tac_toe.rb": [
        null,
        null,
        null,
        null,
        1,
        null,
        null,
        null,
        null,
        null,
        null,
        null,
        null,
        null,
        null,
        null,
        null,
        null,
        null,
        1,
        25,
        25,
        25,
        25,
        25,
        null,
        null,
        1,
        null,
        null,
        null,
        1,
        23,
        null,
        null,
        null,
        null,
        1,
        22,
        null,
        null,
        null,
        null,
        null,
        1,
        0,
        0,
        null,
        0,
        null,
        null,
        null,
        null,
        1,
        23,
        20,
        null,
        3,
        null,
        null,
        null,
        null,
        null,
        1,
        22,
        22,
        198,
        31,
        null,
        null,
        null,
        22,
        null,
        null,
        null,
        null,
        1,
        21,
        21,
        15,
        null,
        6,
        null,
        null,
        null,
        null,
        null,
        null,
        1,
        20,
        20,
        20,
        20,
        20,
        19,
        19,
        null,
        1,
        null,
        null,
        null,
        null,
        1,
        27,
        null,
        null,
        null,
        null,
        null,
        1,
        null,
        null,
        null,
        null,
        null,
        null,
        null,
        null,
        null,
        null,
        null,
        null,
        1,
        70,
        473,
        473,
        473,
        null,
        473,
        473,
        473,
        null,
        473,
        17,
        456,
        5,
        null,
        null,
        null,
        48,
        null,
        null,
        null,
        null,
        1,
        123,
        null,
        null,
        null,
        null,
        1,
        19,
        7,
        null,
        null,
        null,
        null,
        1,
        29,
        18,
        null,
        null,
        null,
        null,
        null,
        1,
        25,
        25,
        25,
        null,
        null,
        10,
        7,
        3,
        3,
        0,
        null,
        null,
        null,
        null,
        null,
        1,
        12,
        12,
        17,
        17,
        null,
        12,
        12,
        0,
        0,
        null,
        0,
        null,
        null
      ]
    },
    "timestamp": 1607130820
  }
}
